<?xml version="1.0" encoding="UTF-8"?>
<testng-results ignored="0" total="2" passed="2" failed="0" skipped="0">
  <reporter-output>
  </reporter-output>
  <suite started-at="2024-01-26T11:31:28 EST" name="Default suite" finished-at="2024-01-26T11:31:51 EST" duration-ms="22465">
    <groups>
    </groups>
    <test started-at="2024-01-26T11:31:28 EST" name="Default test" finished-at="2024-01-26T11:31:51 EST" duration-ms="22465">
      <class name="jpetstore_reg_POM.jpetstore_reg_POM.AppTest">
        <test-method is-config="true" signature="setup()[pri:0, instance:jpetstore_reg_POM.jpetstore_reg_POM.AppTest@65fb9ffc]" started-at="2024-01-26T11:31:29 EST" name="setup" finished-at="2024-01-26T11:31:36 EST" duration-ms="7687" status="PASS">
          <reporter-output>
          </reporter-output>
        </test-method> <!-- setup -->
        <test-method signature="valid_application(java.lang.String,java.lang.String,java.lang.String,java.lang.String,java.lang.String,java.lang.String,java.lang.String,java.lang.String,java.lang.String,java.lang.String,java.lang.reflect.Method)[pri:0, instance:jpetstore_reg_POM.jpetstore_reg_POM.AppTest@65fb9ffc]" started-at="2024-01-26T11:31:36 EST" name="valid_application" data-provider="accountInfo" finished-at="2024-01-26T11:31:44 EST" duration-ms="7367" status="PASS">
          <params>
            <param index="0">
              <value>
                <![CDATA[jkjff]]>
              </value>
            </param>
            <param index="1">
              <value>
                <![CDATA[tas]]>
              </value>
            </param>
            <param index="2">
              <value>
                <![CDATA[kkj@gmail.com]]>
              </value>
            </param>
            <param index="3">
              <value>
                <![CDATA[123]]>
              </value>
            </param>
            <param index="4">
              <value>
                <![CDATA[NC,Usa]]>
              </value>
            </param>
            <param index="5">
              <value>
                <![CDATA[]]>
              </value>
            </param>
            <param index="6">
              <value>
                <![CDATA[CLT]]>
              </value>
            </param>
            <param index="7">
              <value>
                <![CDATA[NC]]>
              </value>
            </param>
            <param index="8">
              <value>
                <![CDATA[123]]>
              </value>
            </param>
            <param index="9">
              <value>
                <![CDATA[USA]]>
              </value>
            </param>
            <param index="10">
              <value>
                <![CDATA[public void jpetstore_reg_POM.jpetstore_reg_POM.AppTest.valid_application(java.lang.String,java.lang.String,java.lang.String,java.lang.String,java.lang.String,java.lang.String,java.lang.String,java.lang.String,java.lang.String,java.lang.String,java.lang.reflect.Method) throws java.lang.InterruptedException,java.io.IOException]]>
              </value>
            </param>
          </params>
          <reporter-output>
          </reporter-output>
        </test-method> <!-- valid_application -->
        <test-method signature="invalid_application(java.lang.String,java.lang.String,java.lang.String,java.lang.String,java.lang.String,java.lang.String,java.lang.String,java.lang.String,java.lang.String,java.lang.String,java.lang.reflect.Method)[pri:0, instance:jpetstore_reg_POM.jpetstore_reg_POM.AppTest@65fb9ffc]" started-at="2024-01-26T11:31:44 EST" name="invalid_application" data-provider="Invalid_accountInfo" finished-at="2024-01-26T11:31:49 EST" depends-on-methods="jpetstore_reg_POM.jpetstore_reg_POM.AppTest.valid_application" duration-ms="5079" status="PASS">
          <params>
            <param index="0">
              <value>
                <![CDATA[gff]]>
              </value>
            </param>
            <param index="1">
              <value>
                <![CDATA[tas]]>
              </value>
            </param>
            <param index="2">
              <value>
                <![CDATA[]]>
              </value>
            </param>
            <param index="3">
              <value>
                <![CDATA[123]]>
              </value>
            </param>
            <param index="4">
              <value>
                <![CDATA[NC,Usa]]>
              </value>
            </param>
            <param index="5">
              <value>
                <![CDATA[]]>
              </value>
            </param>
            <param index="6">
              <value>
                <![CDATA[CLT]]>
              </value>
            </param>
            <param index="7">
              <value>
                <![CDATA[NC]]>
              </value>
            </param>
            <param index="8">
              <value>
                <![CDATA[123]]>
              </value>
            </param>
            <param index="9">
              <value>
                <![CDATA[USA]]>
              </value>
            </param>
            <param index="10">
              <value>
                <![CDATA[public void jpetstore_reg_POM.jpetstore_reg_POM.AppTest.invalid_application(java.lang.String,java.lang.String,java.lang.String,java.lang.String,java.lang.String,java.lang.String,java.lang.String,java.lang.String,java.lang.String,java.lang.String,java.lang.reflect.Method) throws java.lang.InterruptedException,java.io.IOException]]>
              </value>
            </param>
          </params>
          <reporter-output>
          </reporter-output>
        </test-method> <!-- invalid_application -->
        <test-method is-config="true" signature="teardown()[pri:0, instance:jpetstore_reg_POM.jpetstore_reg_POM.AppTest@65fb9ffc]" started-at="2024-01-26T11:31:49 EST" name="teardown" finished-at="2024-01-26T11:31:51 EST" duration-ms="2227" status="PASS">
          <reporter-output>
          </reporter-output>
        </test-method> <!-- teardown -->
      </class> <!-- jpetstore_reg_POM.jpetstore_reg_POM.AppTest -->
    </test> <!-- Default test -->
  </suite> <!-- Default suite -->
</testng-results>
